<?xml version="1.0" encoding="UTF-8"?>
<!-- Generated by org.testng.reporters.JUnitReportReporter -->
<testsuite hostname="Rithesh" failures="0" tests="1" name="pages.TestClass" time="6.770" errors="0" timestamp="2025-07-24T22:50:03 IST" skipped="0">
  <testcase classname="pages.TestClass" name="logintest" time="6.770"/>
  <system-out/>
</testsuite> <!-- pages.TestClass -->
