<?xml version="1.0" encoding="UTF-8"?>
<!-- Generated by org.testng.reporters.JUnitReportReporter -->
<testsuite hostname="Rithesh" failures="0" tests="1" name="differentapp.RerunFailedTestRunner" time="26.214" errors="0" timestamp="2025-07-13T10:09:37 IST" skipped="0">
  <testcase classname="differentapp.RerunFailedTestRunner" name="rerunfailedtestcases" time="26.214"/>
  <system-out/>
</testsuite> <!-- differentapp.RerunFailedTestRunner -->
