<?xml version="1.0" encoding="UTF-8"?>
<!-- Generated by org.testng.reporters.JUnitReportReporter -->
<testsuite hostname="Rithesh" failures="0" tests="1" name="calender.MainClass" time="8.723" errors="0" timestamp="2025-07-19T21:11:23 IST" skipped="0">
  <testcase classname="calender.MainClass" name="testone" time="8.723"/>
  <system-out/>
</testsuite> <!-- calender.MainClass -->
