<?xml version="1.0" encoding="UTF-8"?>
<!-- Generated by org.testng.reporters.JUnitReportReporter -->
<<<<<<< HEAD
<testsuite hostname="Rithesh" failures="0" tests="1" name="pages.TestClass" time="6.770" errors="0" timestamp="2025-07-24T22:50:03 IST" skipped="0">
  <testcase classname="pages.TestClass" name="logintest" time="6.770"/>
=======
<testsuite hostname="Rithesh" failures="0" tests="1" name="pages.TestClass" time="6.810" errors="0" timestamp="2025-07-13T18:36:55 IST" skipped="0">
  <testcase classname="pages.TestClass" name="logintest" time="6.810"/>
>>>>>>> b54eae38f68f498f88da10ba2f21e6be1106df1c
  <system-out/>
</testsuite> <!-- pages.TestClass -->
