<?xml version="1.0" encoding="UTF-8"?>
<!-- Generated by org.testng.reporters.JUnitReportReporter -->
<testsuite hostname="Rithesh" failures="0" tests="1" name="pages.TestClass2" time="5.366" errors="0" timestamp="2025-07-12T12:41:08 IST" skipped="0">
  <testcase classname="pages.TestClass2" name="logintest" time="5.366"/>
  <system-out/>
</testsuite> <!-- pages.TestClass2 -->
