<?xml version="1.0" encoding="UTF-8"?>
<!-- Generated by org.testng.reporters.JUnitReportReporter -->
<testsuite hostname="Rithesh" failures="0" tests="1" name="base.RunnerClass" time="17.768" errors="0" timestamp="2025-08-03T12:32:12 IST" skipped="0">
  <testcase classname="base.RunnerClass" name="test" time="17.768"/>
  <system-out/>
</testsuite> <!-- base.RunnerClass -->
